[22:39:43] [main/INFO] (FabricLoader/GameProvider) Loading Minecraft 1.20.2 with Fabric Loader 0.15.6
[22:39:44] [main/INFO] (FabricLoader) Loading 56 mods:
	- fabric-api 0.91.6+1.20.2
	- fabric-api-base 0.4.33+fce67b32a0
	- fabric-api-lookup-api-v1 1.6.43+b1792f7da0
	- fabric-biome-api-v1 13.0.14+b1792f7da0
	- fabric-block-api-v1 1.0.12+73761d2ea0
	- fabric-block-view-api-v2 1.0.1+73761d2ea0
	- fabric-blockrenderlayer-v1 1.1.43+f4b7e424a0
	- fabric-client-tags-api-v1 1.1.4+86b12645a0
	- fabric-command-api-v1 1.2.37+f71b366fa0
	- fabric-command-api-v2 2.2.16+b1792f7da0
	- fabric-commands-v0 0.2.54+df3654b3a0
	- fabric-containers-v0 0.1.81+df3654b3a0
	- fabric-content-registries-v0 5.0.6+b1792f7da0
	- fabric-convention-tags-v1 1.5.8+b1792f7da0
	- fabric-crash-report-info-v1 0.2.20+f4b7e424a0
	- fabric-data-generation-api-v1 13.1.11+b1792f7da0
	- fabric-dimensions-v1 2.1.57+b1792f7da0
	- fabric-entity-events-v1 1.5.26+b1792f7da0
	- fabric-events-interaction-v0 0.6.10+b1792f7da0
	- fabric-events-lifecycle-v0 0.2.70+df3654b3a0
	- fabric-game-rule-api-v1 1.0.42+a44e16a6a0
	- fabric-gametest-api-v1 1.2.16+b1792f7da0
	- fabric-item-api-v1 2.1.33+b1792f7da0
	- fabric-item-group-api-v1 4.0.15+e3d2bf3fa0
	- fabric-key-binding-api-v1 1.0.38+f4b7e424a0
	- fabric-keybindings-v0 0.2.36+df3654b3a0
	- fabric-lifecycle-events-v1 2.2.28+c8b10480a0
	- fabric-loot-api-v2 2.1.1+3ba460fba0
	- fabric-message-api-v1 6.0.2+e3d2bf3fa0
	- fabric-mining-level-api-v1 2.1.56+f4b7e424a0
	- fabric-model-loading-api-v1 1.0.6+b1792f7da0
	- fabric-models-v0 0.4.5+9386d8a7a0
	- fabric-networking-api-v1 3.1.5+f4be560ba0
	- fabric-object-builder-api-v1 12.1.2+2ff98d3ba0
	- fabric-particles-v1 1.1.4+f4b7e424a0
	- fabric-recipe-api-v1 2.0.14+52b3ebe5a0
	- fabric-registry-sync-v0 4.0.12+b1792f7da0
	- fabric-renderer-api-v1 3.2.1+2034447ca0
	- fabric-renderer-indigo 1.5.1+2034447ca0
	- fabric-renderer-registries-v1 3.2.49+df3654b3a0
	- fabric-rendering-data-attachment-v1 0.3.39+73761d2ea0
	- fabric-rendering-fluids-v1 3.0.30+f4b7e424a0
	- fabric-rendering-v0 1.1.52+df3654b3a0
	- fabric-rendering-v1 3.0.11+b1792f7da0
	- fabric-resource-conditions-api-v1 2.3.11+239dafd8a0
	- fabric-resource-loader-v0 0.11.12+b1792f7da0
	- fabric-screen-api-v1 2.0.12+b1792f7da0
	- fabric-screen-handler-api-v1 1.3.47+b1792f7da0
	- fabric-sound-api-v1 1.0.14+f4b7e424a0
	- fabric-transfer-api-v1 3.3.13+4944b5a5a0
	- fabric-transitive-access-wideners-v1 5.0.3+fce67b32a0
	- fabricloader 0.15.6
	- java 17
	- minecraft 1.20.2
	- mixinextras 0.3.2
	- tropica 1.0.0
[22:39:44] [main/INFO] (FabricLoader/Mixin) SpongePowered MIXIN Subsystem Version=0.8.5 Source=file:/C:/Users/sheld/.gradle/caches/modules-2/files-2.1/net.fabricmc/sponge-mixin/0.12.5+mixin.0.8.5/8d31fb97c3e0cd7c8dad3441851c523bcfae6d8e/sponge-mixin-0.12.5+mixin.0.8.5.jar Service=Knot/Fabric Env=CLIENT
[22:39:45] [main/INFO] (FabricLoader/Mixin) Loaded Fabric development mappings for mixin remapper!
[22:39:45] [main/INFO] (FabricLoader/Mixin) Compatibility level set to JAVA_16
[22:39:45] [main/INFO] (FabricLoader/Mixin) Compatibility level set to JAVA_17
[22:39:47] [main/INFO] (FabricLoader/MixinExtras|Service) Initializing MixinExtras via com.llamalad7.mixinextras.service.MixinExtrasServiceImpl(version=0.3.2).
[22:39:49] [main/WARN] (PerfmonDisabled) Invalid registry value type detected for PerfOS counters. Should be REG_DWORD. Ignoring: HKEY_LOCAL_MACHINE\SYSTEM\CurrentControlSet\Services\PerfOS\Performance\Disable Performance Counters.
[22:39:55] [Datafixer Bootstrap/INFO] (Minecraft) 192 Datafixer optimizations took 210 milliseconds
[22:39:59] [Render thread/INFO] (Minecraft) Environment: Environment[accountsHost=https://api.mojang.com, sessionHost=https://sessionserver.mojang.com, servicesHost=https://api.minecraftservices.com, name=PROD]
[22:40:00] [Render thread/ERROR] (Minecraft) Failed to verify authentication
com.mojang.authlib.exceptions.InvalidCredentialsException: Status: 401
	at com.mojang.authlib.exceptions.MinecraftClientHttpException.toAuthenticationException(MinecraftClientHttpException.java:59) ~[authlib-5.0.47.jar:?]
	at com.mojang.authlib.yggdrasil.YggdrasilUserApiService.fetchProperties(YggdrasilUserApiService.java:159) ~[authlib-5.0.47.jar:?]
	at com.mojang.authlib.yggdrasil.YggdrasilUserApiService.<init>(YggdrasilUserApiService.java:53) ~[authlib-5.0.47.jar:?]
	at com.mojang.authlib.yggdrasil.YggdrasilAuthenticationService.createUserApiService(YggdrasilAuthenticationService.java:55) ~[authlib-5.0.47.jar:?]
	at net.minecraft.client.MinecraftClient.createUserApiService(MinecraftClient.java:787) ~[minecraft-clientOnly-1f338b2c9f-1.20.2-net.fabricmc.yarn.1_20_2.1.20.2+build.4-v2.jar:?]
	at net.minecraft.client.MinecraftClient.<init>(MinecraftClient.java:451) ~[minecraft-clientOnly-1f338b2c9f-1.20.2-net.fabricmc.yarn.1_20_2.1.20.2+build.4-v2.jar:?]
	at net.minecraft.client.main.Main.main(Main.java:214) ~[minecraft-clientOnly-1f338b2c9f-1.20.2-net.fabricmc.yarn.1_20_2.1.20.2+build.4-v2.jar:?]
	at net.fabricmc.loader.impl.game.minecraft.MinecraftGameProvider.launch(MinecraftGameProvider.java:470) ~[fabric-loader-0.15.6.jar:?]
	at net.fabricmc.loader.impl.launch.knot.Knot.launch(Knot.java:74) ~[fabric-loader-0.15.6.jar:?]
	at net.fabricmc.loader.impl.launch.knot.KnotClient.main(KnotClient.java:23) ~[fabric-loader-0.15.6.jar:?]
	at net.fabricmc.devlaunchinjector.Main.main(Main.java:86) ~[dev-launch-injector-0.2.1+build.8.jar:?]
Caused by: com.mojang.authlib.exceptions.MinecraftClientHttpException: Status: 401
	at com.mojang.authlib.minecraft.client.MinecraftClient.readInputStream(MinecraftClient.java:100) ~[authlib-5.0.47.jar:?]
	at com.mojang.authlib.minecraft.client.MinecraftClient.get(MinecraftClient.java:57) ~[authlib-5.0.47.jar:?]
	at com.mojang.authlib.yggdrasil.YggdrasilUserApiService.fetchProperties(YggdrasilUserApiService.java:130) ~[authlib-5.0.47.jar:?]
	... 9 more
[22:40:00] [Render thread/INFO] (Minecraft) Setting user: Player583
[22:40:00] [Render thread/INFO] (fabric-networking-api-v1) Force Packet Serialization is enabled to mimic remote connection on single player, this is the default behaviour on dev env. Add -Dfabric-api.networking.force-packet-serialization=false JVM arg to disable it.
[22:40:00] [Render thread/INFO] (Minecraft) [STDOUT]: Registering ModSounds for tropica
[22:40:00] [Render thread/INFO] (Minecraft) [STDOUT]: Registering ModItems for tropica
[22:40:00] [Render thread/INFO] (Minecraft) [STDOUT]: Registering ModBlocks for tropica
[22:40:00] [Render thread/INFO] (Minecraft) [STDOUT]: Registering ModEffects for tropica
[22:40:00] [Render thread/INFO] (Minecraft) [STDOUT]: Registering ModEntities for tropica
[22:40:00] [Render thread/INFO] (Minecraft) [STDOUT]: Registering ModItemGroup for tropica
[22:40:00] [Render thread/INFO] (Minecraft) [STDOUT]: black_mangrove_log
[22:40:00] [Render thread/INFO] (Minecraft) [STDOUT]: coconut_log
[22:40:01] [Render thread/INFO] (Minecraft) [STDOUT]: amaranth_log
[22:40:01] [Render thread/INFO] (Minecraft) [STDOUT]: stripped_black_mangrove_log
[22:40:01] [Render thread/INFO] (Minecraft) [STDOUT]: stripped_coconut_log
[22:40:01] [Render thread/INFO] (Minecraft) [STDOUT]: stripped_amaranth_log
[22:40:01] [Render thread/INFO] (Minecraft) [STDOUT]: black_mangrove_plank
[22:40:01] [Render thread/INFO] (Minecraft) [STDOUT]: amaranth_plank
[22:40:01] [Render thread/INFO] (Minecraft) [STDOUT]: coconut_plank
[22:40:01] [Render thread/INFO] (Minecraft) [STDOUT]: black_mangrove_stairs
[22:40:01] [Render thread/INFO] (Minecraft) [STDOUT]: coconut_stairs
[22:40:01] [Render thread/INFO] (Minecraft) [STDOUT]: amaranth_stairs
[22:40:01] [Render thread/INFO] (Minecraft) [STDOUT]: black_mangrove_slab
[22:40:01] [Render thread/INFO] (Minecraft) [STDOUT]: coconut_slab
[22:40:01] [Render thread/INFO] (Minecraft) [STDOUT]: amaranth_slab
[22:40:01] [Render thread/INFO] (Minecraft) [STDOUT]: black_mangrove_door
[22:40:01] [Render thread/INFO] (Minecraft) [STDOUT]: amaranth_door
[22:40:01] [Render thread/INFO] (Minecraft) [STDOUT]: coconut_door
[22:40:01] [Render thread/INFO] (Minecraft) [STDOUT]: black_mangrove_trapdoor
[22:40:01] [Render thread/INFO] (Minecraft) [STDOUT]: amaranth_trapdoor
[22:40:01] [Render thread/INFO] (Minecraft) [STDOUT]: coconut_trapdoor
[22:40:01] [Render thread/INFO] (Minecraft) [STDOUT]: black_mangrove_fence
[22:40:01] [Render thread/INFO] (Minecraft) [STDOUT]: amaranth_fence
[22:40:01] [Render thread/INFO] (Minecraft) [STDOUT]: coconut_fence
[22:40:01] [Render thread/INFO] (Minecraft) [STDOUT]: coconut_fence_gate
[22:40:01] [Render thread/INFO] (Minecraft) [STDOUT]: black_mangrove_fence_gate
[22:40:01] [Render thread/INFO] (Minecraft) [STDOUT]: amaranth_fence_gate
[22:40:01] [Render thread/INFO] (Minecraft) [STDOUT]: amaranth_pressure_plate
[22:40:01] [Render thread/INFO] (Minecraft) [STDOUT]: coconut_pressure_plate
[22:40:01] [Render thread/INFO] (Minecraft) [STDOUT]: black_mangrove_pressure_plate
[22:40:01] [Render thread/INFO] (Minecraft) [STDOUT]: amaranth_button
[22:40:01] [Render thread/INFO] (Minecraft) [STDOUT]: coconut_button
[22:40:01] [Render thread/INFO] (Minecraft) [STDOUT]: black_mangrove_button
[22:40:01] [Render thread/INFO] (Minecraft) [STDOUT]: black_mangrove_leaves
[22:40:01] [Render thread/INFO] (Minecraft) [STDOUT]: amaranth_leaves
[22:40:01] [Render thread/INFO] (Minecraft) [STDOUT]: coconut_leaves
[22:40:01] [Render thread/INFO] (Minecraft) [STDOUT]: black_mangrove_propagule
[22:40:01] [Render thread/INFO] (Minecraft) [STDOUT]: amaranth_sapling
[22:40:01] [Render thread/INFO] (Minecraft) [STDOUT]: coconut_shoot
[22:40:01] [Render thread/INFO] (Minecraft) [STDOUT]: black_mangrove_knees
[22:40:01] [Render thread/INFO] (Minecraft) [STDOUT]: brown_coconut_block
[22:40:01] [Render thread/INFO] (Minecraft) [STDOUT]: yellow_coconut_block
[22:40:01] [Render thread/INFO] (Minecraft) [STDOUT]: green_coconut_block
[22:40:01] [Render thread/INFO] (Minecraft) [STDOUT]: coconut_tuft
[22:40:01] [Render thread/INFO] (Minecraft) [STDOUT]: coconut_0
[22:40:01] [Render thread/INFO] (Minecraft) [STDOUT]: coconut_1
[22:40:01] [Render thread/INFO] (Minecraft) [STDOUT]: coconut_2
[22:40:01] [Render thread/INFO] (Minecraft) [STDOUT]: coconut_3
[22:40:01] [Render thread/INFO] (Minecraft) [STDOUT]: coconut_4
[22:40:01] [Render thread/INFO] (Minecraft) [STDOUT]: white_sand
[22:40:01] [Render thread/INFO] (Minecraft) [STDOUT]: black_sand
[22:40:01] [Render thread/INFO] (Minecraft) [STDOUT]: black_sandstone
[22:40:01] [Render thread/INFO] (Minecraft) [STDOUT]: black_sandstone_stairs
[22:40:01] [Render thread/INFO] (Minecraft) [STDOUT]: black_sandstone_slab
[22:40:01] [Render thread/INFO] (Minecraft) [STDOUT]: black_sandstone_wall
[22:40:01] [Render thread/INFO] (Minecraft) [STDOUT]: cut_black_sandstone
[22:40:01] [Render thread/INFO] (Minecraft) [STDOUT]: cut_black_sandstone_slab
[22:40:01] [Render thread/INFO] (Minecraft) [STDOUT]: smooth_black_sandstone
[22:40:01] [Render thread/INFO] (Minecraft) [STDOUT]: smooth_black_sandstone_stairs
[22:40:01] [Render thread/INFO] (Minecraft) [STDOUT]: smooth_black_sandstone_slab
[22:40:01] [Render thread/INFO] (Minecraft) [STDOUT]: chiseled_black_sandstone
[22:40:01] [Render thread/INFO] (Minecraft) [STDOUT]: dead_hammer_coral_block
[22:40:01] [Render thread/INFO] (Minecraft) [STDOUT]: hammer_coral_block
[22:40:01] [Render thread/INFO] (Minecraft) [STDOUT]: dead_hammer_coral
[22:40:01] [Render thread/INFO] (Minecraft) [STDOUT]: hammer_coral
[22:40:01] [Render thread/INFO] (Minecraft) [STDOUT]: dead_hammer_coral_fan
[22:40:01] [Render thread/INFO] (Minecraft) [STDOUT]: hammer_coral_fan
[22:40:01] [Render thread/INFO] (Minecraft) [STDOUT]: dead_hammer_coral_wall_fan
[22:40:01] [Render thread/INFO] (Minecraft) [STDOUT]: hammer_coral_wall_fan
[22:40:01] [Render thread/INFO] (Minecraft) [STDOUT]: tropical_bush
[22:40:01] [Render thread/INFO] (Minecraft) [STDOUT]: large_tropical_bush
[22:40:01] [Render thread/INFO] (Minecraft) [STDOUT]: beach_grass
[22:40:01] [Render thread/INFO] (Minecraft) [STDOUT]: large_beach_grass
[22:40:01] [Render thread/INFO] (Minecraft) [STDOUT]: heliconia
[22:40:01] [Render thread/INFO] (Minecraft) [STDOUT]: poisonous_vines
[22:40:01] [Render thread/INFO] (Minecraft) [STDOUT]: poisonous_vines_plant
[22:40:01] [Render thread/INFO] (Minecraft) [STDOUT]: red_hibiscus
[22:40:01] [Render thread/INFO] (Minecraft) [STDOUT]: white_hibiscus
[22:40:01] [Render thread/INFO] (Minecraft) [STDOUT]: coconut
[22:40:01] [Render thread/INFO] (Indigo) [Indigo] Registering Indigo renderer!
[22:40:02] [Render thread/INFO] (Minecraft) Backend library: LWJGL version 3.3.2-snapshot
[22:40:04] [Render thread/INFO] (Minecraft) Reloading ResourceManager: vanilla, fabric (fabric-keybindings-v0, fabric-containers-v0, fabric-events-lifecycle-v0, fabric-message-api-v1, fabric-entity-events-v1, fabric-renderer-api-v1, fabric-registry-sync-v0, fabric-api-base, fabric-models-v0, fabric-object-builder-api-v1, fabric-sound-api-v1, fabric-events-interaction-v0, fabric-api, fabric-loot-api-v2, fabric-content-registries-v0, fabricloader, fabric-data-generation-api-v1, fabric-gametest-api-v1, fabric-screen-api-v1, fabric-renderer-registries-v1, fabric-item-group-api-v1, fabric-renderer-indigo, fabric-rendering-fluids-v1, fabric-rendering-data-attachment-v1, fabric-transitive-access-wideners-v1, fabric-mining-level-api-v1, tropica, fabric-convention-tags-v1, fabric-rendering-v0, fabric-model-loading-api-v1, fabric-resource-conditions-api-v1, fabric-transfer-api-v1, fabric-key-binding-api-v1, fabric-networking-api-v1, fabric-command-api-v2, fabric-particles-v1, fabric-dimensions-v1, fabric-lifecycle-events-v1, fabric-commands-v0, fabric-block-view-api-v2, fabric-crash-report-info-v1, fabric-api-lookup-api-v1, fabric-biome-api-v1, fabric-client-tags-api-v1, fabric-block-api-v1, fabric-command-api-v1, fabric-game-rule-api-v1, fabric-recipe-api-v1, fabric-blockrenderlayer-v1, fabric-screen-handler-api-v1, fabric-item-api-v1, fabric-resource-loader-v0, fabric-rendering-v1)
[22:40:04] [Worker-Main-4/INFO] (Minecraft) Found unifont_all_no_pua-15.0.06.hex, loading
[22:40:05] [Worker-Main-3/WARN] (Minecraft) Exception loading blockstate definition: 'tropica:blockstates/black_mangrove_plank.json' missing model for variant: 'tropica:black_mangrove_plank#'
[22:40:05] [Worker-Main-3/WARN] (Minecraft) Exception loading blockstate definition: 'tropica:blockstates/amaranth_plank.json' missing model for variant: 'tropica:amaranth_plank#'
[22:40:05] [Worker-Main-3/WARN] (Minecraft) Exception loading blockstate definition: 'tropica:blockstates/coconut_plank.json' missing model for variant: 'tropica:coconut_plank#'
[22:40:05] [Worker-Main-3/WARN] (Minecraft) Exception loading blockstate definition: 'tropica:blockstates/coconut_0.json' missing model for variant: 'tropica:coconut_0#'
[22:40:05] [Worker-Main-3/WARN] (Minecraft) Exception loading blockstate definition: 'tropica:blockstates/coconut_1.json' missing model for variant: 'tropica:coconut_1#'
[22:40:05] [Worker-Main-3/WARN] (Minecraft) Exception loading blockstate definition: 'tropica:blockstates/coconut_2.json' missing model for variant: 'tropica:coconut_2#'
[22:40:05] [Worker-Main-3/WARN] (Minecraft) Exception loading blockstate definition: 'tropica:blockstates/coconut_3.json' missing model for variant: 'tropica:coconut_3#'
[22:40:05] [Worker-Main-3/WARN] (Minecraft) Exception loading blockstate definition: 'tropica:blockstates/coconut_4.json' missing model for variant: 'tropica:coconut_4#'
[22:40:05] [Worker-Main-3/WARN] (Minecraft) Exception loading blockstate definition: 'tropica:blockstates/large_beach_grass.json' missing model for variant: 'tropica:large_beach_grass#snowy=false'
[22:40:05] [Worker-Main-3/WARN] (Minecraft) Exception loading blockstate definition: 'tropica:blockstates/large_beach_grass.json' missing model for variant: 'tropica:large_beach_grass#snowy=true'
[22:40:05] [Worker-Main-3/WARN] (Minecraft) Unable to load model: 'tropica:poisonous_vines_plant#inventory' referenced from: tropica:poisonous_vines_plant#inventory: java.io.FileNotFoundException: tropica:models/item/poisonous_vines_plant.json
[22:40:05] [Worker-Main-3/WARN] (Minecraft) Unable to load model: 'tropica:hammer_coral_wall_fan#inventory' referenced from: tropica:hammer_coral_wall_fan#inventory: java.io.FileNotFoundException: tropica:models/item/hammer_coral_wall_fan.json
[22:40:05] [Worker-Main-3/WARN] (Minecraft) Unable to load model: 'tropica:dead_hammer_coral_wall_fan#inventory' referenced from: tropica:dead_hammer_coral_wall_fan#inventory: java.io.FileNotFoundException: tropica:models/item/dead_hammer_coral_wall_fan.json
[22:40:05] [Worker-Main-3/WARN] (Minecraft) Unable to load model: 'tropica:amaranth_plank#inventory' referenced from: tropica:amaranth_plank#inventory: java.io.FileNotFoundException: tropica:models/item/amaranth_plank.json
[22:40:05] [Worker-Main-3/WARN] (Minecraft) Unable to load model: 'tropica:large_beach_grass#inventory' referenced from: tropica:large_beach_grass#inventory: java.io.FileNotFoundException: tropica:models/item/large_beach_grass.json
[22:40:05] [Worker-Main-3/WARN] (Minecraft) Unable to load model: 'tropica:black_mangrove_plank#inventory' referenced from: tropica:black_mangrove_plank#inventory: java.io.FileNotFoundException: tropica:models/item/black_mangrove_plank.json
[22:40:05] [Worker-Main-3/WARN] (Minecraft) Unable to load model: 'tropica:coconut_3#inventory' referenced from: tropica:coconut_3#inventory: java.io.FileNotFoundException: tropica:models/item/coconut_3.json
[22:40:05] [Worker-Main-3/WARN] (Minecraft) Unable to load model: 'tropica:coconut_2#inventory' referenced from: tropica:coconut_2#inventory: java.io.FileNotFoundException: tropica:models/item/coconut_2.json
[22:40:05] [Worker-Main-3/WARN] (Minecraft) Unable to load model: 'tropica:coconut_4#inventory' referenced from: tropica:coconut_4#inventory: java.io.FileNotFoundException: tropica:models/item/coconut_4.json
[22:40:05] [Worker-Main-3/WARN] (Minecraft) Unable to load model: 'tropica:coconut_1#inventory' referenced from: tropica:coconut_1#inventory: java.io.FileNotFoundException: tropica:models/item/coconut_1.json
[22:40:05] [Worker-Main-3/WARN] (Minecraft) Unable to load model: 'tropica:coconut_0#inventory' referenced from: tropica:coconut_0#inventory: java.io.FileNotFoundException: tropica:models/item/coconut_0.json
[22:40:05] [Worker-Main-3/WARN] (Minecraft) Unable to load model: 'tropica:coconut_plank#inventory' referenced from: tropica:coconut_plank#inventory: java.io.FileNotFoundException: tropica:models/item/coconut_plank.json
[22:40:06] [Render thread/WARN] (Minecraft) Missing sound for event: minecraft:item.goat_horn.play
[22:40:06] [Render thread/WARN] (Minecraft) Missing sound for event: minecraft:entity.goat.screaming.horn_break
[22:40:06] [Render thread/INFO] (Minecraft) OpenAL initialized on device OpenAL Soft on Right Monitor (AMD High Definition Audio Device)
[22:40:06] [Render thread/INFO] (Minecraft) Sound engine started
[22:40:06] [Render thread/INFO] (Minecraft) Created: 1024x512x4 minecraft:textures/atlas/blocks.png-atlas
[22:40:06] [Render thread/INFO] (Minecraft) Created: 256x256x4 minecraft:textures/atlas/signs.png-atlas
[22:40:06] [Render thread/INFO] (Minecraft) Created: 512x512x4 minecraft:textures/atlas/shield_patterns.png-atlas
[22:40:06] [Render thread/INFO] (Minecraft) Created: 512x512x4 minecraft:textures/atlas/banner_patterns.png-atlas
[22:40:06] [Render thread/INFO] (Minecraft) Created: 1024x1024x4 minecraft:textures/atlas/armor_trims.png-atlas
[22:40:06] [Render thread/INFO] (Minecraft) Created: 256x256x4 minecraft:textures/atlas/chest.png-atlas
[22:40:06] [Render thread/INFO] (Minecraft) Created: 128x64x4 minecraft:textures/atlas/decorated_pot.png-atlas
[22:40:06] [Render thread/INFO] (Minecraft) Created: 512x256x4 minecraft:textures/atlas/shulker_boxes.png-atlas
[22:40:06] [Render thread/INFO] (Minecraft) Created: 512x256x4 minecraft:textures/atlas/beds.png-atlas
[22:40:07] [Render thread/WARN] (Minecraft) Shader rendertype_entity_translucent_emissive could not find sampler named Sampler2 in the specified shader program.
[22:40:07] [Render thread/INFO] (Minecraft) Created: 256x256x0 minecraft:textures/atlas/particles.png-atlas
[22:40:07] [Render thread/INFO] (Minecraft) Created: 256x256x0 minecraft:textures/atlas/paintings.png-atlas
[22:40:07] [Render thread/INFO] (Minecraft) Created: 128x128x0 minecraft:textures/atlas/mob_effects.png-atlas
[22:40:07] [Render thread/INFO] (Minecraft) Created: 1024x512x0 minecraft:textures/atlas/gui.png-atlas
[22:40:07] [IO-Worker-1/INFO] (Minecraft) Could not authorize you against Realms server: Invalid session id
[22:40:07] [IO-Worker-1/ERROR] (Minecraft) Couldn't connect to realms
net.minecraft.client.realms.exception.RealmsServiceException: Realms authentication error with message 'Invalid session id'
	at net.minecraft.client.realms.RealmsClient.execute(RealmsClient.java:432) ~[minecraft-clientOnly-1f338b2c9f-1.20.2-net.fabricmc.yarn.1_20_2.1.20.2+build.4-v2.jar:?]
	at net.minecraft.client.realms.RealmsClient.clientCompatible(RealmsClient.java:218) ~[minecraft-clientOnly-1f338b2c9f-1.20.2-net.fabricmc.yarn.1_20_2.1.20.2+build.4-v2.jar:?]
	at net.minecraft.client.realms.RealmsAvailability.method_52627(RealmsAvailability.java:45) ~[minecraft-clientOnly-1f338b2c9f-1.20.2-net.fabricmc.yarn.1_20_2.1.20.2+build.4-v2.jar:?]
	at java.util.concurrent.CompletableFuture$AsyncSupply.run(CompletableFuture.java:1768) ~[?:?]
	at java.util.concurrent.ThreadPoolExecutor.runWorker(ThreadPoolExecutor.java:1136) ~[?:?]
	at java.util.concurrent.ThreadPoolExecutor$Worker.run(ThreadPoolExecutor.java:635) ~[?:?]
	at java.lang.Thread.run(Thread.java:833) ~[?:?]
[22:40:24] [Render thread/INFO] (Minecraft) Loaded 7 recipes
[22:40:24] [Render thread/INFO] (Minecraft) Loaded 1271 advancements
[22:40:25] [Render thread/INFO] (BiomeModificationImpl) Applied 0 biome modifications to 0 of 64 new biomes in 2.919 ms
[22:40:25] [Server thread/INFO] (Minecraft) Starting integrated minecraft server version 1.20.2
[22:40:25] [Server thread/INFO] (Minecraft) Generating keypair
[22:40:27] [Server thread/INFO] (Minecraft) Preparing start region for dimension minecraft:overworld
[22:40:30] [Render thread/INFO] (Minecraft) Preparing spawn area: 0%
[22:40:31] [Render thread/INFO] (Minecraft) Preparing spawn area: 0%
[22:40:31] [Render thread/INFO] (Minecraft) Preparing spawn area: 0%
[22:40:31] [Render thread/INFO] (Minecraft) Preparing spawn area: 0%
[22:40:31] [Render thread/INFO] (Minecraft) Preparing spawn area: 0%
[22:40:31] [Render thread/INFO] (Minecraft) Preparing spawn area: 0%
[22:40:31] [Render thread/INFO] (Minecraft) Preparing spawn area: 0%
[22:40:31] [Render thread/INFO] (Minecraft) Preparing spawn area: 0%
[22:40:31] [Render thread/INFO] (Minecraft) Preparing spawn area: 35%
[22:40:32] [Render thread/INFO] (Minecraft) Time elapsed: 4645 ms
[22:40:32] [Server thread/INFO] (Minecraft) Changing view distance to 6, from 10
[22:40:32] [Server thread/INFO] (Minecraft) Changing simulation distance to 12, from 0
[22:40:34] [Server thread/INFO] (Minecraft) Player583[local:E:486693ff] logged in with entity id 270 at (-12.411862902369355, 101.0, 2.4620181358765887)
[22:40:34] [Server thread/INFO] (Minecraft) Player583 joined the game
[22:40:34] [Render thread/INFO] (Minecraft) Loaded 2 advancements
[22:43:04] [Server thread/INFO] (Minecraft) Saving and pausing game...
[22:43:04] [Server thread/INFO] (Minecraft) Saving chunks for level 'ServerLevel[New World]'/minecraft:overworld
[22:43:04] [Server thread/INFO] (Minecraft) Saving chunks for level 'ServerLevel[New World]'/minecraft:the_nether
[22:43:04] [Server thread/INFO] (Minecraft) Saving chunks for level 'ServerLevel[New World]'/minecraft:the_end
[22:43:08] [Server thread/INFO] (Minecraft) Saving and pausing game...
[22:43:08] [Server thread/INFO] (Minecraft) Saving chunks for level 'ServerLevel[New World]'/minecraft:overworld
[22:43:08] [Server thread/INFO] (Minecraft) Saving chunks for level 'ServerLevel[New World]'/minecraft:the_nether
[22:43:08] [Server thread/INFO] (Minecraft) Saving chunks for level 'ServerLevel[New World]'/minecraft:the_end
[22:49:58] [Server thread/INFO] (Minecraft) Saving and pausing game...
[22:49:58] [Server thread/INFO] (Minecraft) Saving chunks for level 'ServerLevel[New World]'/minecraft:overworld
[22:49:58] [Server thread/INFO] (Minecraft) Saving chunks for level 'ServerLevel[New World]'/minecraft:the_nether
[22:49:58] [Server thread/INFO] (Minecraft) Saving chunks for level 'ServerLevel[New World]'/minecraft:the_end
[22:50:37] [Render thread/INFO] (Minecraft) Loaded 13 advancements
[22:50:42] [Server thread/INFO] (Minecraft) Saving and pausing game...
[22:50:42] [Server thread/INFO] (Minecraft) Saving chunks for level 'ServerLevel[New World]'/minecraft:overworld
[22:50:42] [Server thread/INFO] (Minecraft) Saving chunks for level 'ServerLevel[New World]'/minecraft:the_nether
[22:50:42] [Server thread/INFO] (Minecraft) Saving chunks for level 'ServerLevel[New World]'/minecraft:the_end
[22:51:12] [Server thread/INFO] (Minecraft) Player583 lost connection: Disconnected
[22:51:12] [Server thread/INFO] (Minecraft) Player583 left the game
[22:51:12] [Server thread/INFO] (Minecraft) Stopping singleplayer server as player logged out
[22:51:12] [Server thread/INFO] (Minecraft) Stopping server
[22:51:12] [Server thread/INFO] (Minecraft) Saving players
[22:51:12] [Server thread/INFO] (Minecraft) Saving worlds
[22:51:13] [Server thread/INFO] (Minecraft) Saving chunks for level 'ServerLevel[New World]'/minecraft:overworld
[22:51:14] [Server thread/INFO] (Minecraft) Saving chunks for level 'ServerLevel[New World]'/minecraft:the_nether
[22:51:14] [Server thread/INFO] (Minecraft) Saving chunks for level 'ServerLevel[New World]'/minecraft:the_end
[22:51:14] [Server thread/INFO] (Minecraft) ThreadedAnvilChunkStorage (New World): All chunks are saved
[22:51:14] [Server thread/INFO] (Minecraft) ThreadedAnvilChunkStorage (DIM-1): All chunks are saved
[22:51:14] [Server thread/INFO] (Minecraft) ThreadedAnvilChunkStorage (DIM1): All chunks are saved
[22:51:14] [Server thread/INFO] (Minecraft) ThreadedAnvilChunkStorage: All dimensions are saved
[22:51:14] [Render thread/INFO] (Minecraft) Stopping!
